2020-03-01 15:54:19.348  INFO 11352 --- [restartedMain] o.a.d.g.api.album.AlbumApiApplication    : No active profile set, falling back to default profiles: default
2020-03-01 15:54:21.745  WARN 11352 --- [restartedMain] o.s.boot.actuate.endpoint.EndpointId     : Endpoint ID 'service-registry' contains invalid characters, please migrate to a valid format.
2020-03-01 15:54:22.087  INFO 11352 --- [restartedMain] o.s.cloud.context.scope.GenericScope     : BeanFactory id=57c790f6-8966-3e30-8a26-81c7acd02227
2020-03-01 15:54:23.618  INFO 11352 --- [restartedMain] o.s.b.w.embedded.tomcat.TomcatWebServer  : Tomcat initialized with port(s): 0 (http)
2020-03-01 15:54:23.649  INFO 11352 --- [restartedMain] o.apache.catalina.core.StandardService   : Starting service [Tomcat]
2020-03-01 15:54:23.652  INFO 11352 --- [restartedMain] org.apache.catalina.core.StandardEngine  : Starting Servlet engine: [Apache Tomcat/9.0.30]
2020-03-01 15:54:23.941  INFO 11352 --- [restartedMain] o.a.c.c.C.[Tomcat].[localhost].[/]       : Initializing Spring embedded WebApplicationContext
2020-03-01 15:54:23.943  INFO 11352 --- [restartedMain] o.s.web.context.ContextLoader            : Root WebApplicationContext: initialization completed in 4490 ms
2020-03-01 15:54:24.174  WARN 11352 --- [restartedMain] c.n.c.sources.URLConfigurationSource     : No URLs will be polled as dynamic configuration sources.
2020-03-01 15:54:24.174  INFO 11352 --- [restartedMain] c.n.c.sources.URLConfigurationSource     : To enable URLs as dynamic configuration sources, define System property archaius.configurationSource.additionalUrls or make config.properties available on classpath.
2020-03-01 15:54:24.204  INFO 11352 --- [restartedMain] c.netflix.config.DynamicPropertyFactory  : DynamicPropertyFactory is initialized with configuration sources: com.netflix.config.ConcurrentCompositeConfiguration@7b749e96
2020-03-01 15:54:26.697  WARN 11352 --- [restartedMain] c.n.c.sources.URLConfigurationSource     : No URLs will be polled as dynamic configuration sources.
2020-03-01 15:54:26.699  INFO 11352 --- [restartedMain] c.n.c.sources.URLConfigurationSource     : To enable URLs as dynamic configuration sources, define System property archaius.configurationSource.additionalUrls or make config.properties available on classpath.
2020-03-01 15:54:27.944  INFO 11352 --- [restartedMain] o.s.s.concurrent.ThreadPoolTaskExecutor  : Initializing ExecutorService 'applicationTaskExecutor'
2020-03-01 15:54:28.778  WARN 11352 --- [restartedMain] o.s.b.d.a.OptionalLiveReloadServer       : Unable to start LiveReload server
2020-03-01 15:54:31.050  WARN 11352 --- [restartedMain] ockingLoadBalancerClientRibbonWarnLogger : You already have RibbonLoadBalancerClient on your classpath. It will be used by default. As Spring Cloud Ribbon is in maintenance mode. We recommend switching to BlockingLoadBalancerClient instead. In order to use it, set the value of `spring.cloud.loadbalancer.ribbon.enabled` to `false` or remove spring-cloud-starter-netflix-ribbon from your project.
2020-03-01 15:54:31.132  INFO 11352 --- [restartedMain] o.s.b.a.e.web.EndpointLinksResolver      : Exposing 2 endpoint(s) beneath base path '/actuator'
2020-03-01 15:54:31.268  INFO 11352 --- [restartedMain] o.s.b.w.embedded.tomcat.TomcatWebServer  : Tomcat started on port(s): 57639 (http) with context path ''
2020-03-01 15:54:31.270  INFO 11352 --- [restartedMain] .s.c.n.e.s.EurekaAutoServiceRegistration : Updating port to 57639
2020-03-01 15:54:31.281  INFO 11352 --- [restartedMain] o.s.c.n.eureka.InstanceInfoFactory       : Setting initial instance status as: STARTING
2020-03-01 15:54:31.350  INFO 11352 --- [restartedMain] com.netflix.discovery.DiscoveryClient    : Initializing Eureka in region us-east-1
2020-03-01 15:54:31.603  INFO 11352 --- [restartedMain] c.n.d.provider.DiscoveryJerseyProvider   : Using JSON encoding codec LegacyJacksonJson
2020-03-01 15:54:31.603  INFO 11352 --- [restartedMain] c.n.d.provider.DiscoveryJerseyProvider   : Using JSON decoding codec LegacyJacksonJson
2020-03-01 15:54:31.864  INFO 11352 --- [restartedMain] c.n.d.provider.DiscoveryJerseyProvider   : Using XML encoding codec XStreamXml
2020-03-01 15:54:31.864  INFO 11352 --- [restartedMain] c.n.d.provider.DiscoveryJerseyProvider   : Using XML decoding codec XStreamXml
2020-03-01 15:54:32.263  INFO 11352 --- [restartedMain] c.n.d.s.r.aws.ConfigClusterResolver      : Resolving eureka endpoints via configuration
2020-03-01 15:54:33.053  INFO 11352 --- [restartedMain] com.netflix.discovery.DiscoveryClient    : Disable delta property : false
2020-03-01 15:54:33.054  INFO 11352 --- [restartedMain] com.netflix.discovery.DiscoveryClient    : Single vip registry refresh property : null
2020-03-01 15:54:33.054  INFO 11352 --- [restartedMain] com.netflix.discovery.DiscoveryClient    : Force full registry fetch : false
2020-03-01 15:54:33.055  INFO 11352 --- [restartedMain] com.netflix.discovery.DiscoveryClient    : Application is null : false
2020-03-01 15:54:33.058  INFO 11352 --- [restartedMain] com.netflix.discovery.DiscoveryClient    : Registered Applications size is zero : true
2020-03-01 15:54:33.059  INFO 11352 --- [restartedMain] com.netflix.discovery.DiscoveryClient    : Application version is -1: true
2020-03-01 15:54:33.069  INFO 11352 --- [restartedMain] com.netflix.discovery.DiscoveryClient    : Getting all instance registry info from the eureka server
2020-03-01 15:54:33.622  INFO 11352 --- [restartedMain] com.netflix.discovery.DiscoveryClient    : The response status is 200
2020-03-01 15:54:33.630  INFO 11352 --- [restartedMain] com.netflix.discovery.DiscoveryClient    : Starting heartbeat executor: renew interval is: 30
2020-03-01 15:54:33.635  INFO 11352 --- [restartedMain] c.n.discovery.InstanceInfoReplicator     : InstanceInfoReplicator onDemand update allowed rate per min is 4
2020-03-01 15:54:33.643  INFO 11352 --- [restartedMain] com.netflix.discovery.DiscoveryClient    : Discovery Client initialized at timestamp 1583058273641 with initial instances count: 1
2020-03-01 15:54:33.647  INFO 11352 --- [restartedMain] o.s.c.n.e.s.EurekaServiceRegistry        : Registering application ALBUMS-MS with eureka with status UP
2020-03-01 15:54:33.648  INFO 11352 --- [restartedMain] com.netflix.discovery.DiscoveryClient    : Saw local status change event StatusChangeEvent [timestamp=1583058273648, current=UP, previous=STARTING]
2020-03-01 15:54:33.653  INFO 11352 --- [DiscoveryClient-InstanceInfoReplicator-0] com.netflix.discovery.DiscoveryClient    : DiscoveryClient_ALBUMS-MS/albums-ms:739af927021e4ef3d6d9f464e10c0be8: registering service...
2020-03-01 15:54:33.754  INFO 11352 --- [DiscoveryClient-InstanceInfoReplicator-0] com.netflix.discovery.DiscoveryClient    : DiscoveryClient_ALBUMS-MS/albums-ms:739af927021e4ef3d6d9f464e10c0be8 - registration status: 204
2020-03-01 15:54:34.545  INFO 11352 --- [restartedMain] o.a.d.g.api.album.AlbumApiApplication    : Started AlbumApiApplication in 18.354 seconds (JVM running for 21.604)
2020-03-01 15:59:33.077  INFO 11352 --- [AsyncResolver-bootstrap-executor-0] c.n.d.s.r.aws.ConfigClusterResolver      : Resolving eureka endpoints via configuration
2020-03-01 16:04:33.081  INFO 11352 --- [AsyncResolver-bootstrap-executor-0] c.n.d.s.r.aws.ConfigClusterResolver      : Resolving eureka endpoints via configuration
2020-03-01 16:09:33.083  INFO 11352 --- [AsyncResolver-bootstrap-executor-0] c.n.d.s.r.aws.ConfigClusterResolver      : Resolving eureka endpoints via configuration
2020-03-01 19:33:54.139  INFO 11352 --- [AsyncResolver-bootstrap-executor-0] c.n.d.s.r.aws.ConfigClusterResolver      : Resolving eureka endpoints via configuration
2020-03-01 19:38:54.260  INFO 11352 --- [AsyncResolver-bootstrap-executor-0] c.n.d.s.r.aws.ConfigClusterResolver      : Resolving eureka endpoints via configuration
2020-03-01 19:43:54.269  INFO 11352 --- [AsyncResolver-bootstrap-executor-0] c.n.d.s.r.aws.ConfigClusterResolver      : Resolving eureka endpoints via configuration
2020-03-01 19:48:54.272  INFO 11352 --- [AsyncResolver-bootstrap-executor-0] c.n.d.s.r.aws.ConfigClusterResolver      : Resolving eureka endpoints via configuration
2020-03-01 19:53:54.277  INFO 11352 --- [AsyncResolver-bootstrap-executor-0] c.n.d.s.r.aws.ConfigClusterResolver      : Resolving eureka endpoints via configuration
2020-03-01 19:58:19.564  INFO 11352 --- [RMI TCP Connection(10)-127.0.0.1] inMXBeanRegistrar$SpringApplicationAdmin : Application shutdown requested.
2020-03-01 19:58:19.581  INFO 11352 --- [RMI TCP Connection(10)-127.0.0.1] o.s.c.n.e.s.EurekaServiceRegistry        : Unregistering application ALBUMS-MS with eureka with status DOWN
2020-03-01 19:58:19.585  WARN 11352 --- [RMI TCP Connection(10)-127.0.0.1] com.netflix.discovery.DiscoveryClient    : Saw local status change event StatusChangeEvent [timestamp=1583072899585, current=DOWN, previous=UP]
2020-03-01 19:58:19.604  INFO 11352 --- [DiscoveryClient-InstanceInfoReplicator-0] com.netflix.discovery.DiscoveryClient    : DiscoveryClient_ALBUMS-MS/albums-ms:739af927021e4ef3d6d9f464e10c0be8: registering service...
2020-03-01 19:58:19.767  INFO 11352 --- [RMI TCP Connection(10)-127.0.0.1] o.s.s.concurrent.ThreadPoolTaskExecutor  : Shutting down ExecutorService 'applicationTaskExecutor'
2020-03-01 19:58:20.356  INFO 11352 --- [RMI TCP Connection(10)-127.0.0.1] com.netflix.discovery.DiscoveryClient    : Shutting down DiscoveryClient ...
2020-03-01 19:58:20.450  INFO 11352 --- [DiscoveryClient-InstanceInfoReplicator-0] com.netflix.discovery.DiscoveryClient    : DiscoveryClient_ALBUMS-MS/albums-ms:739af927021e4ef3d6d9f464e10c0be8 - registration status: 204
2020-03-01 19:58:20.458  INFO 11352 --- [RMI TCP Connection(10)-127.0.0.1] com.netflix.discovery.DiscoveryClient    : Unregistering ...
2020-03-01 19:58:20.526  INFO 11352 --- [RMI TCP Connection(10)-127.0.0.1] com.netflix.discovery.DiscoveryClient    : DiscoveryClient_ALBUMS-MS/albums-ms:739af927021e4ef3d6d9f464e10c0be8 - deregister  status: 200
2020-03-01 19:58:20.754  INFO 11352 --- [RMI TCP Connection(10)-127.0.0.1] com.netflix.discovery.DiscoveryClient    : Completed shut down of DiscoveryClient
2020-03-01 19:58:23.878  INFO 11352 --- [RMI TCP Connection(10)-127.0.0.1] o.apache.catalina.core.StandardService   : Stopping service [Tomcat]
